[2024-05-14 02:00:00.000 +02:00] [INF] [34] Emby.Server.Implementations.ScheduledTasks.TaskManager: "DailyTrigger" fired for task: "Extraire les images de chapitre"
[2024-05-14 02:00:00.000 +02:00] [INF] [34] Emby.Server.Implementations.ScheduledTasks.TaskManager: Queuing task "ChapterImagesTask"
[2024-05-14 02:00:00.001 +02:00] [INF] [34] Emby.Server.Implementations.ScheduledTasks.TaskManager: Executing "Extraire les images de chapitre"
[2024-05-14 02:00:00.024 +02:00] [INF] [34] Emby.Server.Implementations.ScheduledTasks.TaskManager: "Extraire les images de chapitre" Completed after 0 minute(s) and 0 seconds
[2024-05-14 02:00:00.025 +02:00] [INF] [34] Emby.Server.Implementations.ScheduledTasks.TaskManager: ExecuteQueuedTasks
[2024-05-14 02:00:01.002 +02:00] [INF] [34] Emby.Server.Implementations.ScheduledTasks.TaskManager: Daily trigger for "Extraire les images de chapitre" set to fire at 2024-05-15 02:00:00.000 +02:00, which is 23:59:58.9977085 from now.
[2024-05-14 02:11:24.499 +02:00] [INF] [46] Emby.Server.Implementations.ScheduledTasks.TaskManager: "IntervalTrigger" fired for task: "Scanner la médiathèque"
[2024-05-14 02:11:24.499 +02:00] [INF] [46] Emby.Server.Implementations.ScheduledTasks.TaskManager: Queuing task "RefreshMediaLibraryTask"
[2024-05-14 02:11:24.504 +02:00] [INF] [46] Emby.Server.Implementations.ScheduledTasks.TaskManager: Executing "Scanner la médiathèque"
[2024-05-14 02:11:24.504 +02:00] [INF] [46] Emby.Server.Implementations.IO.LibraryMonitor: Stopping directory watching for path "/downloads/tv-sonarr"
[2024-05-14 02:11:24.504 +02:00] [INF] [46] Emby.Server.Implementations.IO.LibraryMonitor: Stopping directory watching for path "/downloads/radarr"
[2024-05-14 02:11:24.504 +02:00] [INF] [46] Emby.Server.Implementations.Library.LibraryManager: Validating media library
[2024-05-14 02:11:34.424 +02:00] [INF] [37] Emby.Server.Implementations.ScheduledTasks.TaskManager: "Scanner la médiathèque" Completed after 0 minute(s) and 9 seconds
[2024-05-14 02:11:34.426 +02:00] [INF] [37] Emby.Server.Implementations.ScheduledTasks.TaskManager: ExecuteQueuedTasks
[2024-05-14 02:11:34.486 +02:00] [INF] [46] Emby.Server.Implementations.IO.LibraryMonitor: Watching directory "/downloads/radarr"
[2024-05-14 02:11:34.486 +02:00] [INF] [35] Emby.Server.Implementations.IO.LibraryMonitor: Watching directory "/downloads/tv-sonarr"
[2024-05-14 14:11:24.499 +02:00] [INF] [3] Emby.Server.Implementations.ScheduledTasks.TaskManager: "IntervalTrigger" fired for task: "Scanner la médiathèque"
[2024-05-14 14:11:24.499 +02:00] [INF] [3] Emby.Server.Implementations.ScheduledTasks.TaskManager: Queuing task "RefreshMediaLibraryTask"
[2024-05-14 14:11:24.501 +02:00] [INF] [84] Emby.Server.Implementations.ScheduledTasks.TaskManager: Executing "Scanner la médiathèque"
[2024-05-14 14:11:24.501 +02:00] [INF] [84] Emby.Server.Implementations.IO.LibraryMonitor: Stopping directory watching for path "/downloads/tv-sonarr"
[2024-05-14 14:11:24.502 +02:00] [INF] [84] Emby.Server.Implementations.IO.LibraryMonitor: Stopping directory watching for path "/downloads/radarr"
[2024-05-14 14:11:24.503 +02:00] [INF] [84] Emby.Server.Implementations.Library.LibraryManager: Validating media library
[2024-05-14 14:11:34.640 +02:00] [INF] [51] Emby.Server.Implementations.ScheduledTasks.TaskManager: "Scanner la médiathèque" Completed after 0 minute(s) and 10 seconds
[2024-05-14 14:11:34.643 +02:00] [INF] [51] Emby.Server.Implementations.ScheduledTasks.TaskManager: ExecuteQueuedTasks
[2024-05-14 14:11:34.702 +02:00] [INF] [50] Emby.Server.Implementations.IO.LibraryMonitor: Watching directory "/downloads/tv-sonarr"
[2024-05-14 14:11:34.704 +02:00] [INF] [3] Emby.Server.Implementations.IO.LibraryMonitor: Watching directory "/downloads/radarr"
[2024-05-14 15:08:56.664 +02:00] [INF] [73] Emby.Server.Implementations.ScheduledTasks.TaskManager: "IntervalTrigger" fired for task: "Télécharger les sous-titres manquants"
[2024-05-14 15:08:56.664 +02:00] [INF] [73] Emby.Server.Implementations.ScheduledTasks.TaskManager: Queuing task "SubtitleScheduledTask"
[2024-05-14 15:08:56.664 +02:00] [INF] [22] Emby.Server.Implementations.ScheduledTasks.TaskManager: Executing "Télécharger les sous-titres manquants"
[2024-05-14 15:08:56.665 +02:00] [INF] [22] Emby.Server.Implementations.ScheduledTasks.TaskManager: "Télécharger les sous-titres manquants" Completed after 0 minute(s) and 0 seconds
[2024-05-14 15:08:56.667 +02:00] [INF] [22] Emby.Server.Implementations.ScheduledTasks.TaskManager: ExecuteQueuedTasks
[2024-05-14 15:08:56.970 +02:00] [INF] [22] Emby.Server.Implementations.ScheduledTasks.TaskManager: "IntervalTrigger" fired for task: "Nettoyer le répertoire des journaux"
[2024-05-14 15:08:56.970 +02:00] [INF] [22] Emby.Server.Implementations.ScheduledTasks.TaskManager: Queuing task "DeleteLogFileTask"
[2024-05-14 15:08:56.971 +02:00] [INF] [73] Emby.Server.Implementations.ScheduledTasks.TaskManager: Executing "Nettoyer le répertoire des journaux"
[2024-05-14 15:08:56.972 +02:00] [INF] [73] Emby.Server.Implementations.ScheduledTasks.TaskManager: "Nettoyer le répertoire des journaux" Completed after 0 minute(s) and 0 seconds
[2024-05-14 15:08:56.974 +02:00] [INF] [73] Emby.Server.Implementations.ScheduledTasks.TaskManager: ExecuteQueuedTasks
[2024-05-14 15:08:57.358 +02:00] [INF] [73] Emby.Server.Implementations.ScheduledTasks.TaskManager: "IntervalTrigger" fired for task: "Nettoyer les dossier des transcodages"
[2024-05-14 15:08:57.358 +02:00] [INF] [73] Emby.Server.Implementations.ScheduledTasks.TaskManager: Queuing task "DeleteTranscodeFileTask"
[2024-05-14 15:08:57.358 +02:00] [INF] [22] Emby.Server.Implementations.ScheduledTasks.TaskManager: Executing "Nettoyer les dossier des transcodages"
[2024-05-14 15:08:57.405 +02:00] [INF] [22] Emby.Server.Implementations.ScheduledTasks.TaskManager: "Nettoyer les dossier des transcodages" Completed after 0 minute(s) and 0 seconds
[2024-05-14 15:08:57.408 +02:00] [INF] [22] Emby.Server.Implementations.ScheduledTasks.TaskManager: ExecuteQueuedTasks
[2024-05-14 15:08:57.912 +02:00] [INF] [22] Emby.Server.Implementations.ScheduledTasks.TaskManager: "IntervalTrigger" fired for task: "Vider le répertoire cache"
[2024-05-14 15:08:57.913 +02:00] [INF] [22] Emby.Server.Implementations.ScheduledTasks.TaskManager: Queuing task "DeleteCacheFileTask"
[2024-05-14 15:08:57.913 +02:00] [INF] [73] Emby.Server.Implementations.ScheduledTasks.TaskManager: Executing "Vider le répertoire cache"
[2024-05-14 15:08:58.021 +02:00] [INF] [73] Emby.Server.Implementations.ScheduledTasks.TaskManager: "Vider le répertoire cache" Completed after 0 minute(s) and 0 seconds
[2024-05-14 15:08:58.023 +02:00] [INF] [73] Emby.Server.Implementations.ScheduledTasks.TaskManager: ExecuteQueuedTasks
[2024-05-14 15:08:58.080 +02:00] [INF] [73] Emby.Server.Implementations.ScheduledTasks.TaskManager: "IntervalTrigger" fired for task: "TasksRefreshChannels"
[2024-05-14 15:08:58.080 +02:00] [INF] [73] Emby.Server.Implementations.ScheduledTasks.TaskManager: Queuing task "RefreshChannelsScheduledTask"
[2024-05-14 15:08:58.080 +02:00] [INF] [45] Emby.Server.Implementations.ScheduledTasks.TaskManager: Executing "TasksRefreshChannels"
[2024-05-14 15:08:58.081 +02:00] [INF] [45] Emby.Server.Implementations.ScheduledTasks.TaskManager: "TasksRefreshChannels" Completed after 0 minute(s) and 0 seconds
[2024-05-14 15:08:58.082 +02:00] [INF] [45] Emby.Server.Implementations.ScheduledTasks.TaskManager: ExecuteQueuedTasks
[2024-05-14 15:09:01.744 +02:00] [INF] [73] Emby.Server.Implementations.ScheduledTasks.TaskManager: "IntervalTrigger" fired for task: "Optimiser la base de données"
[2024-05-14 15:09:01.744 +02:00] [INF] [73] Emby.Server.Implementations.ScheduledTasks.TaskManager: Queuing task "OptimizeDatabaseTask"
[2024-05-14 15:09:01.745 +02:00] [INF] [73] Emby.Server.Implementations.ScheduledTasks.TaskManager: Executing "Optimiser la base de données"
[2024-05-14 15:09:01.745 +02:00] [INF] [73] Emby.Server.Implementations.ScheduledTasks.Tasks.OptimizeDatabaseTask: Optimizing and vacuuming jellyfin.db...
[2024-05-14 15:09:01.927 +02:00] [INF] [73] Emby.Server.Implementations.ScheduledTasks.Tasks.OptimizeDatabaseTask: jellyfin.db optimized successfully!
[2024-05-14 15:09:01.928 +02:00] [INF] [73] Emby.Server.Implementations.ScheduledTasks.TaskManager: "Optimiser la base de données" Completed after 0 minute(s) and 0 seconds
[2024-05-14 15:09:01.929 +02:00] [INF] [73] Emby.Server.Implementations.ScheduledTasks.TaskManager: ExecuteQueuedTasks
[2024-05-14 15:09:07.183 +02:00] [INF] [22] Emby.Server.Implementations.ScheduledTasks.TaskManager: "IntervalTrigger" fired for task: "Refresh Guide"
[2024-05-14 15:09:07.183 +02:00] [INF] [22] Emby.Server.Implementations.ScheduledTasks.TaskManager: Queuing task "RefreshGuideScheduledTask"
[2024-05-14 15:09:07.183 +02:00] [INF] [73] Emby.Server.Implementations.ScheduledTasks.TaskManager: Executing "Refresh Guide"
[2024-05-14 15:09:10.189 +02:00] [INF] [73] Emby.Server.Implementations.LiveTv.LiveTvManager: Refreshing guide with 7 days of guide data
[2024-05-14 15:09:10.192 +02:00] [INF] [73] Emby.Server.Implementations.ScheduledTasks.TaskManager: "Refresh Guide" Completed after 0 minute(s) and 3 seconds
[2024-05-14 15:09:10.193 +02:00] [INF] [73] Emby.Server.Implementations.ScheduledTasks.TaskManager: ExecuteQueuedTasks
[2024-05-14 15:22:24.764 +02:00] [INF] [44] Emby.Server.Implementations.ScheduledTasks.TaskManager: "IntervalTrigger" fired for task: "Mettre à jour les extensions"
[2024-05-14 15:22:24.765 +02:00] [INF] [44] Emby.Server.Implementations.ScheduledTasks.TaskManager: Queuing task "PluginUpdateTask"
[2024-05-14 15:22:24.765 +02:00] [INF] [28] Emby.Server.Implementations.ScheduledTasks.TaskManager: Executing "Mettre à jour les extensions"
[2024-05-14 15:22:26.341 +02:00] [INF] [24] Emby.Server.Implementations.ScheduledTasks.TaskManager: "Mettre à jour les extensions" Completed after 0 minute(s) and 1 seconds
[2024-05-14 15:22:26.342 +02:00] [INF] [24] Emby.Server.Implementations.ScheduledTasks.TaskManager: ExecuteQueuedTasks
