[2024-05-13 02:00:00.003 +02:00] [INF] [51] Emby.Server.Implementations.ScheduledTasks.TaskManager: "DailyTrigger" fired for task: "Extraire les images de chapitre"
[2024-05-13 02:00:00.004 +02:00] [INF] [51] Emby.Server.Implementations.ScheduledTasks.TaskManager: Queuing task "ChapterImagesTask"
[2024-05-13 02:00:00.004 +02:00] [INF] [71] Emby.Server.Implementations.ScheduledTasks.TaskManager: Executing "Extraire les images de chapitre"
[2024-05-13 02:00:00.032 +02:00] [INF] [71] Emby.Server.Implementations.ScheduledTasks.TaskManager: "Extraire les images de chapitre" Completed after 0 minute(s) and 0 seconds
[2024-05-13 02:00:00.033 +02:00] [INF] [71] Emby.Server.Implementations.ScheduledTasks.TaskManager: ExecuteQueuedTasks
[2024-05-13 02:00:01.005 +02:00] [INF] [71] Emby.Server.Implementations.ScheduledTasks.TaskManager: Daily trigger for "Extraire les images de chapitre" set to fire at 2024-05-14 02:00:00.000 +02:00, which is 23:59:58.9950394 from now.
[2024-05-13 02:11:24.504 +02:00] [INF] [30] Emby.Server.Implementations.ScheduledTasks.TaskManager: "IntervalTrigger" fired for task: "Scanner la médiathèque"
[2024-05-13 02:11:24.505 +02:00] [INF] [30] Emby.Server.Implementations.ScheduledTasks.TaskManager: Queuing task "RefreshMediaLibraryTask"
[2024-05-13 02:11:24.505 +02:00] [INF] [30] Emby.Server.Implementations.ScheduledTasks.TaskManager: Executing "Scanner la médiathèque"
[2024-05-13 02:11:24.505 +02:00] [INF] [30] Emby.Server.Implementations.IO.LibraryMonitor: Stopping directory watching for path "/downloads/tv-sonarr"
[2024-05-13 02:11:24.506 +02:00] [INF] [30] Emby.Server.Implementations.IO.LibraryMonitor: Stopping directory watching for path "/downloads/radarr"
[2024-05-13 02:11:24.506 +02:00] [INF] [30] Emby.Server.Implementations.Library.LibraryManager: Validating media library
[2024-05-13 02:11:34.546 +02:00] [INF] [30] Emby.Server.Implementations.ScheduledTasks.TaskManager: "Scanner la médiathèque" Completed after 0 minute(s) and 10 seconds
[2024-05-13 02:11:34.549 +02:00] [INF] [30] Emby.Server.Implementations.ScheduledTasks.TaskManager: ExecuteQueuedTasks
[2024-05-13 02:11:34.617 +02:00] [INF] [41] Emby.Server.Implementations.IO.LibraryMonitor: Watching directory "/downloads/radarr"
[2024-05-13 02:11:34.618 +02:00] [INF] [22] Emby.Server.Implementations.IO.LibraryMonitor: Watching directory "/downloads/tv-sonarr"
[2024-05-13 14:11:24.500 +02:00] [INF] [84] Emby.Server.Implementations.ScheduledTasks.TaskManager: "IntervalTrigger" fired for task: "Scanner la médiathèque"
[2024-05-13 14:11:24.500 +02:00] [INF] [84] Emby.Server.Implementations.ScheduledTasks.TaskManager: Queuing task "RefreshMediaLibraryTask"
[2024-05-13 14:11:24.501 +02:00] [INF] [84] Emby.Server.Implementations.ScheduledTasks.TaskManager: Executing "Scanner la médiathèque"
[2024-05-13 14:11:24.502 +02:00] [INF] [84] Emby.Server.Implementations.IO.LibraryMonitor: Stopping directory watching for path "/downloads/tv-sonarr"
[2024-05-13 14:11:24.502 +02:00] [INF] [84] Emby.Server.Implementations.IO.LibraryMonitor: Stopping directory watching for path "/downloads/radarr"
[2024-05-13 14:11:24.502 +02:00] [INF] [84] Emby.Server.Implementations.Library.LibraryManager: Validating media library
[2024-05-13 14:11:34.571 +02:00] [INF] [17] Emby.Server.Implementations.ScheduledTasks.TaskManager: "Scanner la médiathèque" Completed after 0 minute(s) and 10 seconds
[2024-05-13 14:11:34.573 +02:00] [INF] [17] Emby.Server.Implementations.ScheduledTasks.TaskManager: ExecuteQueuedTasks
[2024-05-13 14:11:34.641 +02:00] [INF] [45] Emby.Server.Implementations.IO.LibraryMonitor: Watching directory "/downloads/radarr"
[2024-05-13 14:11:34.641 +02:00] [INF] [62] Emby.Server.Implementations.IO.LibraryMonitor: Watching directory "/downloads/tv-sonarr"
[2024-05-13 15:08:56.660 +02:00] [INF] [11] Emby.Server.Implementations.ScheduledTasks.TaskManager: "IntervalTrigger" fired for task: "Télécharger les sous-titres manquants"
[2024-05-13 15:08:56.660 +02:00] [INF] [11] Emby.Server.Implementations.ScheduledTasks.TaskManager: Queuing task "SubtitleScheduledTask"
[2024-05-13 15:08:56.661 +02:00] [INF] [21] Emby.Server.Implementations.ScheduledTasks.TaskManager: Executing "Télécharger les sous-titres manquants"
[2024-05-13 15:08:56.663 +02:00] [INF] [21] Emby.Server.Implementations.ScheduledTasks.TaskManager: "Télécharger les sous-titres manquants" Completed after 0 minute(s) and 0 seconds
[2024-05-13 15:08:56.665 +02:00] [INF] [21] Emby.Server.Implementations.ScheduledTasks.TaskManager: ExecuteQueuedTasks
[2024-05-13 15:08:56.969 +02:00] [INF] [21] Emby.Server.Implementations.ScheduledTasks.TaskManager: "IntervalTrigger" fired for task: "Nettoyer le répertoire des journaux"
[2024-05-13 15:08:56.969 +02:00] [INF] [21] Emby.Server.Implementations.ScheduledTasks.TaskManager: Queuing task "DeleteLogFileTask"
[2024-05-13 15:08:56.970 +02:00] [INF] [21] Emby.Server.Implementations.ScheduledTasks.TaskManager: Executing "Nettoyer le répertoire des journaux"
[2024-05-13 15:08:56.972 +02:00] [INF] [21] Emby.Server.Implementations.ScheduledTasks.TaskManager: "Nettoyer le répertoire des journaux" Completed after 0 minute(s) and 0 seconds
[2024-05-13 15:08:56.974 +02:00] [INF] [21] Emby.Server.Implementations.ScheduledTasks.TaskManager: ExecuteQueuedTasks
[2024-05-13 15:08:57.353 +02:00] [INF] [21] Emby.Server.Implementations.ScheduledTasks.TaskManager: "IntervalTrigger" fired for task: "Nettoyer les dossier des transcodages"
[2024-05-13 15:08:57.353 +02:00] [INF] [21] Emby.Server.Implementations.ScheduledTasks.TaskManager: Queuing task "DeleteTranscodeFileTask"
[2024-05-13 15:08:57.354 +02:00] [INF] [21] Emby.Server.Implementations.ScheduledTasks.TaskManager: Executing "Nettoyer les dossier des transcodages"
[2024-05-13 15:08:57.356 +02:00] [INF] [21] Emby.Server.Implementations.ScheduledTasks.TaskManager: "Nettoyer les dossier des transcodages" Completed after 0 minute(s) and 0 seconds
[2024-05-13 15:08:57.358 +02:00] [INF] [21] Emby.Server.Implementations.ScheduledTasks.TaskManager: ExecuteQueuedTasks
[2024-05-13 15:08:57.907 +02:00] [INF] [11] Emby.Server.Implementations.ScheduledTasks.TaskManager: "IntervalTrigger" fired for task: "Vider le répertoire cache"
[2024-05-13 15:08:57.908 +02:00] [INF] [11] Emby.Server.Implementations.ScheduledTasks.TaskManager: Queuing task "DeleteCacheFileTask"
[2024-05-13 15:08:57.908 +02:00] [INF] [11] Emby.Server.Implementations.ScheduledTasks.TaskManager: Executing "Vider le répertoire cache"
[2024-05-13 15:08:57.915 +02:00] [INF] [11] Emby.Server.Implementations.ScheduledTasks.TaskManager: "Vider le répertoire cache" Completed after 0 minute(s) and 0 seconds
[2024-05-13 15:08:57.917 +02:00] [INF] [11] Emby.Server.Implementations.ScheduledTasks.TaskManager: ExecuteQueuedTasks
[2024-05-13 15:08:58.040 +02:00] [INF] [11] Emby.Server.Implementations.ScheduledTasks.TaskManager: "IntervalTrigger" fired for task: "TasksRefreshChannels"
[2024-05-13 15:08:58.040 +02:00] [INF] [11] Emby.Server.Implementations.ScheduledTasks.TaskManager: Queuing task "RefreshChannelsScheduledTask"
[2024-05-13 15:08:58.041 +02:00] [INF] [11] Emby.Server.Implementations.ScheduledTasks.TaskManager: Executing "TasksRefreshChannels"
[2024-05-13 15:08:58.043 +02:00] [INF] [11] Emby.Server.Implementations.ScheduledTasks.TaskManager: "TasksRefreshChannels" Completed after 0 minute(s) and 0 seconds
[2024-05-13 15:08:58.044 +02:00] [INF] [11] Emby.Server.Implementations.ScheduledTasks.TaskManager: ExecuteQueuedTasks
[2024-05-13 15:09:01.692 +02:00] [INF] [11] Emby.Server.Implementations.ScheduledTasks.TaskManager: "IntervalTrigger" fired for task: "Optimiser la base de données"
[2024-05-13 15:09:01.692 +02:00] [INF] [11] Emby.Server.Implementations.ScheduledTasks.TaskManager: Queuing task "OptimizeDatabaseTask"
[2024-05-13 15:09:01.693 +02:00] [INF] [11] Emby.Server.Implementations.ScheduledTasks.TaskManager: Executing "Optimiser la base de données"
[2024-05-13 15:09:01.693 +02:00] [INF] [11] Emby.Server.Implementations.ScheduledTasks.Tasks.OptimizeDatabaseTask: Optimizing and vacuuming jellyfin.db...
[2024-05-13 15:09:01.741 +02:00] [INF] [11] Emby.Server.Implementations.ScheduledTasks.Tasks.OptimizeDatabaseTask: jellyfin.db optimized successfully!
[2024-05-13 15:09:01.741 +02:00] [INF] [11] Emby.Server.Implementations.ScheduledTasks.TaskManager: "Optimiser la base de données" Completed after 0 minute(s) and 0 seconds
[2024-05-13 15:09:01.742 +02:00] [INF] [11] Emby.Server.Implementations.ScheduledTasks.TaskManager: ExecuteQueuedTasks
[2024-05-13 15:09:07.181 +02:00] [INF] [11] Emby.Server.Implementations.ScheduledTasks.TaskManager: "IntervalTrigger" fired for task: "Refresh Guide"
[2024-05-13 15:09:07.182 +02:00] [INF] [11] Emby.Server.Implementations.ScheduledTasks.TaskManager: Queuing task "RefreshGuideScheduledTask"
[2024-05-13 15:09:07.182 +02:00] [INF] [21] Emby.Server.Implementations.ScheduledTasks.TaskManager: Executing "Refresh Guide"
[2024-05-13 15:09:10.190 +02:00] [INF] [21] Emby.Server.Implementations.LiveTv.LiveTvManager: Refreshing guide with 7 days of guide data
[2024-05-13 15:09:10.192 +02:00] [INF] [21] Emby.Server.Implementations.ScheduledTasks.TaskManager: "Refresh Guide" Completed after 0 minute(s) and 3 seconds
[2024-05-13 15:09:10.194 +02:00] [INF] [21] Emby.Server.Implementations.ScheduledTasks.TaskManager: ExecuteQueuedTasks
[2024-05-13 15:22:24.761 +02:00] [INF] [79] Emby.Server.Implementations.ScheduledTasks.TaskManager: "IntervalTrigger" fired for task: "Mettre à jour les extensions"
[2024-05-13 15:22:24.761 +02:00] [INF] [79] Emby.Server.Implementations.ScheduledTasks.TaskManager: Queuing task "PluginUpdateTask"
[2024-05-13 15:22:24.762 +02:00] [INF] [79] Emby.Server.Implementations.ScheduledTasks.TaskManager: Executing "Mettre à jour les extensions"
[2024-05-13 15:22:26.813 +02:00] [INF] [79] Emby.Server.Implementations.ScheduledTasks.TaskManager: "Mettre à jour les extensions" Completed after 0 minute(s) and 2 seconds
[2024-05-13 15:22:26.815 +02:00] [INF] [79] Emby.Server.Implementations.ScheduledTasks.TaskManager: ExecuteQueuedTasks
